<?xml version="1.0" encoding="UTF-8"?>
<!-- Generated by org.testng.reporters.JUnitXMLReporter -->
<testsuite ignored="0" hostname="DESKTOP-MGVC6GB" failures="0" tests="3" name="edgeTest" time="52.966" errors="0" timestamp="2022-04-15T18:34:34 IST">
  <testcase classname="com.sauceDemo.TestCLasses.BaseClass" name="@BeforeMethod setupUpMethod" time="35.211">
    <failure type="org.openqa.selenium.SessionNotCreatedException" message="session not created: This version of MSEdgeDriver only supports MSEdge version 98
Current browser version is 100.0.1185.39 with binary path C:\Program Files (x86)\Microsoft\Edge\Application\msedge.exe
Build info: version: &amp;apos;3.14.0&amp;apos;, revision: &amp;apos;aacccce0&amp;apos;, time: &amp;apos;2018-08-02T20:19:58.91Z&amp;apos;
System info: host: &amp;apos;DESKTOP-MGVC6GB&amp;apos;, ip: &amp;apos;192.168.0.175&amp;apos;, os.name: &amp;apos;Windows 10&amp;apos;, os.arch: &amp;apos;amd64&amp;apos;, os.version: &amp;apos;10.0&amp;apos;, java.version: &amp;apos;17&amp;apos;
Driver info: driver.version: EdgeDriver
remote stacktrace: Backtrace:
	Microsoft::Applications::Events::EventProperties::unpack [0x00007FF7CEE93A82+22610]
	Microsoft::Applications::Events::time_ticks_t::time_ticks_t [0x00007FF7CEDD2352+503810]
	Ordinal0 [0x00007FF7CE8D0FA5+659365]
	Ordinal0 [0x00007FF7CE8FBB1C+834332]
	Ordinal0 [0x00007FF7CE8F70FA+815354]
	Ordinal0 [0x00007FF7CE8F2A72+797298]
	Ordinal0 [0x00007FF7CE92C726+1034022]
	Ordinal0 [0x00007FF7CE926E53+1011283]
	Ordinal0 [0x00007FF7CE8FE0C7+843975]
	Ordinal0 [0x00007FF7CE8FF598+849304]
	Microsoft::Applications::Events::EventProperty::to_string [0x00007FF7CEA991B8+848488]
	Microsoft::Applications::Events::EventProperty::EventProperty [0x00007FF7CEB8B17D+39117]
	Microsoft::Applications::Events::EventProperty::EventProperty [0x00007FF7CEB8E3F2+52034]
	Microsoft::Applications::Events::EventProperty::to_string [0x00007FF7CE9D0D56+28166]
	Microsoft::Applications::Events::time_ticks_t::time_ticks_t [0x00007FF7CEDD8FE1+531601]
	Microsoft::Applications::Events::time_ticks_t::time_ticks_t [0x00007FF7CEDDE4C4+553332]
	Microsoft::Applications::Events::time_ticks_t::time_ticks_t [0x00007FF7CEDDE655+553733]
	Microsoft::Applications::Events::EventProperty::to_string [0x00007FF7CEAA6C40+904432]
	BaseThreadInitThunk [0x00007FFA66FA7C24+20]
	RtlUserThreadStart [0x00007FFA671AD721+33]
">
      <![CDATA[org.openqa.selenium.SessionNotCreatedException: session not created: This version of MSEdgeDriver only supports MSEdge version 98
Current browser version is 100.0.1185.39 with binary path C:\Program Files (x86)\Microsoft\Edge\Application\msedge.exe
Build info: version: '3.14.0', revision: 'aacccce0', time: '2018-08-02T20:19:58.91Z'
System info: host: 'DESKTOP-MGVC6GB', ip: '192.168.0.175', os.name: 'Windows 10', os.arch: 'amd64', os.version: '10.0', java.version: '17'
Driver info: driver.version: EdgeDriver
remote stacktrace: Backtrace:
Microsoft::Applications::Events::EventProperties::unpack [0x00007FF7CEE93A82+22610]
Microsoft::Applications::Events::time_ticks_t::time_ticks_t [0x00007FF7CEDD2352+503810]
Ordinal0 [0x00007FF7CE8D0FA5+659365]
Ordinal0 [0x00007FF7CE8FBB1C+834332]
Ordinal0 [0x00007FF7CE8F70FA+815354]
Ordinal0 [0x00007FF7CE8F2A72+797298]
Ordinal0 [0x00007FF7CE92C726+1034022]
Ordinal0 [0x00007FF7CE926E53+1011283]
Ordinal0 [0x00007FF7CE8FE0C7+843975]
Ordinal0 [0x00007FF7CE8FF598+849304]
Microsoft::Applications::Events::EventProperty::to_string [0x00007FF7CEA991B8+848488]
Microsoft::Applications::Events::EventProperty::EventProperty [0x00007FF7CEB8B17D+39117]
Microsoft::Applications::Events::EventProperty::EventProperty [0x00007FF7CEB8E3F2+52034]
Microsoft::Applications::Events::EventProperty::to_string [0x00007FF7CE9D0D56+28166]
Microsoft::Applications::Events::time_ticks_t::time_ticks_t [0x00007FF7CEDD8FE1+531601]
Microsoft::Applications::Events::time_ticks_t::time_ticks_t [0x00007FF7CEDDE4C4+553332]
Microsoft::Applications::Events::time_ticks_t::time_ticks_t [0x00007FF7CEDDE655+553733]
Microsoft::Applications::Events::EventProperty::to_string [0x00007FF7CEAA6C40+904432]
BaseThreadInitThunk [0x00007FFA66FA7C24+20]
RtlUserThreadStart [0x00007FFA671AD721+33]

at org.openqa.selenium.remote.W3CHandshakeResponse.lambda$new$0(W3CHandshakeResponse.java:57)
at org.openqa.selenium.remote.W3CHandshakeResponse.lambda$getResponseFunction$2(W3CHandshakeResponse.java:104)
at org.openqa.selenium.remote.ProtocolHandshake.lambda$createSession$0(ProtocolHandshake.java:122)
at java.base/java.util.stream.ReferencePipeline$3$1.accept(ReferencePipeline.java:197)
at java.base/java.util.Spliterators$ArraySpliterator.tryAdvance(Spliterators.java:1002)
at java.base/java.util.stream.ReferencePipeline.forEachWithCancel(ReferencePipeline.java:129)
at java.base/java.util.stream.AbstractPipeline.copyIntoWithCancel(AbstractPipeline.java:527)
at java.base/java.util.stream.AbstractPipeline.copyInto(AbstractPipeline.java:513)
at java.base/java.util.stream.AbstractPipeline.wrapAndCopyInto(AbstractPipeline.java:499)
at java.base/java.util.stream.FindOps$FindOp.evaluateSequential(FindOps.java:150)
at java.base/java.util.stream.AbstractPipeline.evaluate(AbstractPipeline.java:234)
at java.base/java.util.stream.ReferencePipeline.findFirst(ReferencePipeline.java:647)
at org.openqa.selenium.remote.ProtocolHandshake.createSession(ProtocolHandshake.java:125)
at org.openqa.selenium.remote.ProtocolHandshake.createSession(ProtocolHandshake.java:73)
at org.openqa.selenium.remote.HttpCommandExecutor.execute(HttpCommandExecutor.java:136)
at org.openqa.selenium.remote.service.DriverCommandExecutor.execute(DriverCommandExecutor.java:83)
at org.openqa.selenium.remote.RemoteWebDriver.execute(RemoteWebDriver.java:548)
at org.openqa.selenium.remote.RemoteWebDriver.startSession(RemoteWebDriver.java:212)
at org.openqa.selenium.remote.RemoteWebDriver.<init>(RemoteWebDriver.java:130)
at org.openqa.selenium.edge.EdgeDriver.<init>(EdgeDriver.java:141)
at org.openqa.selenium.edge.EdgeDriver.<init>(EdgeDriver.java:96)
at com.sauceDemo.TestCLasses.BaseClass.setupUpMethod(BaseClass.java:41)
at java.base/java.util.ArrayList.forEach(ArrayList.java:1511)
... Removed 36 stack frames]]>
    </failure>
  </testcase> <!-- @BeforeMethod setupUpMethod -->
  <testcase classname="com.sauceDemo.TestCLasses.BaseClass" name="@AfterMethod logoutMethod" time="-1.650027857004E9">
    <skipped/>
  </testcase> <!-- @AfterMethod logoutMethod -->
  <testcase classname="com.sauceDemo.TestCLasses.BaseClass" name="@BeforeMethod setupUpMethod" time="10.268">
    <failure type="org.openqa.selenium.SessionNotCreatedException" message="session not created: This version of MSEdgeDriver only supports MSEdge version 98
Current browser version is 100.0.1185.39 with binary path C:\Program Files (x86)\Microsoft\Edge\Application\msedge.exe
Build info: version: &amp;apos;3.14.0&amp;apos;, revision: &amp;apos;aacccce0&amp;apos;, time: &amp;apos;2018-08-02T20:19:58.91Z&amp;apos;
System info: host: &amp;apos;DESKTOP-MGVC6GB&amp;apos;, ip: &amp;apos;192.168.0.175&amp;apos;, os.name: &amp;apos;Windows 10&amp;apos;, os.arch: &amp;apos;amd64&amp;apos;, os.version: &amp;apos;10.0&amp;apos;, java.version: &amp;apos;17&amp;apos;
Driver info: driver.version: EdgeDriver
remote stacktrace: Backtrace:
	Microsoft::Applications::Events::EventProperties::unpack [0x00007FF7CEE93A82+22610]
	Microsoft::Applications::Events::time_ticks_t::time_ticks_t [0x00007FF7CEDD2352+503810]
	Ordinal0 [0x00007FF7CE8D0FA5+659365]
	Ordinal0 [0x00007FF7CE8FBB1C+834332]
	Ordinal0 [0x00007FF7CE8F70FA+815354]
	Ordinal0 [0x00007FF7CE8F2A72+797298]
	Ordinal0 [0x00007FF7CE92C726+1034022]
	Ordinal0 [0x00007FF7CE926E53+1011283]
	Ordinal0 [0x00007FF7CE8FE0C7+843975]
	Ordinal0 [0x00007FF7CE8FF598+849304]
	Microsoft::Applications::Events::EventProperty::to_string [0x00007FF7CEA991B8+848488]
	Microsoft::Applications::Events::EventProperty::EventProperty [0x00007FF7CEB8B17D+39117]
	Microsoft::Applications::Events::EventProperty::EventProperty [0x00007FF7CEB8E3F2+52034]
	Microsoft::Applications::Events::EventProperty::to_string [0x00007FF7CE9D0D56+28166]
	Microsoft::Applications::Events::time_ticks_t::time_ticks_t [0x00007FF7CEDD8FE1+531601]
	Microsoft::Applications::Events::time_ticks_t::time_ticks_t [0x00007FF7CEDDE4C4+553332]
	Microsoft::Applications::Events::time_ticks_t::time_ticks_t [0x00007FF7CEDDE655+553733]
	Microsoft::Applications::Events::EventProperty::to_string [0x00007FF7CEAA6C40+904432]
	BaseThreadInitThunk [0x00007FFA66FA7C24+20]
	RtlUserThreadStart [0x00007FFA671AD721+33]
">
      <![CDATA[org.openqa.selenium.SessionNotCreatedException: session not created: This version of MSEdgeDriver only supports MSEdge version 98
Current browser version is 100.0.1185.39 with binary path C:\Program Files (x86)\Microsoft\Edge\Application\msedge.exe
Build info: version: '3.14.0', revision: 'aacccce0', time: '2018-08-02T20:19:58.91Z'
System info: host: 'DESKTOP-MGVC6GB', ip: '192.168.0.175', os.name: 'Windows 10', os.arch: 'amd64', os.version: '10.0', java.version: '17'
Driver info: driver.version: EdgeDriver
remote stacktrace: Backtrace:
Microsoft::Applications::Events::EventProperties::unpack [0x00007FF7CEE93A82+22610]
Microsoft::Applications::Events::time_ticks_t::time_ticks_t [0x00007FF7CEDD2352+503810]
Ordinal0 [0x00007FF7CE8D0FA5+659365]
Ordinal0 [0x00007FF7CE8FBB1C+834332]
Ordinal0 [0x00007FF7CE8F70FA+815354]
Ordinal0 [0x00007FF7CE8F2A72+797298]
Ordinal0 [0x00007FF7CE92C726+1034022]
Ordinal0 [0x00007FF7CE926E53+1011283]
Ordinal0 [0x00007FF7CE8FE0C7+843975]
Ordinal0 [0x00007FF7CE8FF598+849304]
Microsoft::Applications::Events::EventProperty::to_string [0x00007FF7CEA991B8+848488]
Microsoft::Applications::Events::EventProperty::EventProperty [0x00007FF7CEB8B17D+39117]
Microsoft::Applications::Events::EventProperty::EventProperty [0x00007FF7CEB8E3F2+52034]
Microsoft::Applications::Events::EventProperty::to_string [0x00007FF7CE9D0D56+28166]
Microsoft::Applications::Events::time_ticks_t::time_ticks_t [0x00007FF7CEDD8FE1+531601]
Microsoft::Applications::Events::time_ticks_t::time_ticks_t [0x00007FF7CEDDE4C4+553332]
Microsoft::Applications::Events::time_ticks_t::time_ticks_t [0x00007FF7CEDDE655+553733]
Microsoft::Applications::Events::EventProperty::to_string [0x00007FF7CEAA6C40+904432]
BaseThreadInitThunk [0x00007FFA66FA7C24+20]
RtlUserThreadStart [0x00007FFA671AD721+33]

at org.openqa.selenium.remote.W3CHandshakeResponse.lambda$new$0(W3CHandshakeResponse.java:57)
at org.openqa.selenium.remote.W3CHandshakeResponse.lambda$getResponseFunction$2(W3CHandshakeResponse.java:104)
at org.openqa.selenium.remote.ProtocolHandshake.lambda$createSession$0(ProtocolHandshake.java:122)
at java.base/java.util.stream.ReferencePipeline$3$1.accept(ReferencePipeline.java:197)
at java.base/java.util.Spliterators$ArraySpliterator.tryAdvance(Spliterators.java:1002)
at java.base/java.util.stream.ReferencePipeline.forEachWithCancel(ReferencePipeline.java:129)
at java.base/java.util.stream.AbstractPipeline.copyIntoWithCancel(AbstractPipeline.java:527)
at java.base/java.util.stream.AbstractPipeline.copyInto(AbstractPipeline.java:513)
at java.base/java.util.stream.AbstractPipeline.wrapAndCopyInto(AbstractPipeline.java:499)
at java.base/java.util.stream.FindOps$FindOp.evaluateSequential(FindOps.java:150)
at java.base/java.util.stream.AbstractPipeline.evaluate(AbstractPipeline.java:234)
at java.base/java.util.stream.ReferencePipeline.findFirst(ReferencePipeline.java:647)
at org.openqa.selenium.remote.ProtocolHandshake.createSession(ProtocolHandshake.java:125)
at org.openqa.selenium.remote.ProtocolHandshake.createSession(ProtocolHandshake.java:73)
at org.openqa.selenium.remote.HttpCommandExecutor.execute(HttpCommandExecutor.java:136)
at org.openqa.selenium.remote.service.DriverCommandExecutor.execute(DriverCommandExecutor.java:83)
at org.openqa.selenium.remote.RemoteWebDriver.execute(RemoteWebDriver.java:548)
at org.openqa.selenium.remote.RemoteWebDriver.startSession(RemoteWebDriver.java:212)
at org.openqa.selenium.remote.RemoteWebDriver.<init>(RemoteWebDriver.java:130)
at org.openqa.selenium.edge.EdgeDriver.<init>(EdgeDriver.java:141)
at org.openqa.selenium.edge.EdgeDriver.<init>(EdgeDriver.java:96)
at com.sauceDemo.TestCLasses.BaseClass.setupUpMethod(BaseClass.java:41)
at java.base/java.util.ArrayList.forEach(ArrayList.java:1511)
... Removed 36 stack frames]]>
    </failure>
  </testcase> <!-- @BeforeMethod setupUpMethod -->
  <testcase classname="com.sauceDemo.TestCLasses.BaseClass" name="@AfterMethod logoutMethod" time="-1.650027867416E9">
    <skipped/>
  </testcase> <!-- @AfterMethod logoutMethod -->
  <testcase classname="com.sauceDemo.TestCLasses.BaseClass" name="@BeforeMethod setupUpMethod" time="7.13">
    <failure type="org.openqa.selenium.SessionNotCreatedException" message="session not created: This version of MSEdgeDriver only supports MSEdge version 98
Current browser version is 100.0.1185.39 with binary path C:\Program Files (x86)\Microsoft\Edge\Application\msedge.exe
Build info: version: &amp;apos;3.14.0&amp;apos;, revision: &amp;apos;aacccce0&amp;apos;, time: &amp;apos;2018-08-02T20:19:58.91Z&amp;apos;
System info: host: &amp;apos;DESKTOP-MGVC6GB&amp;apos;, ip: &amp;apos;192.168.0.175&amp;apos;, os.name: &amp;apos;Windows 10&amp;apos;, os.arch: &amp;apos;amd64&amp;apos;, os.version: &amp;apos;10.0&amp;apos;, java.version: &amp;apos;17&amp;apos;
Driver info: driver.version: EdgeDriver
remote stacktrace: Backtrace:
	Microsoft::Applications::Events::EventProperties::unpack [0x00007FF7CEE93A82+22610]
	Microsoft::Applications::Events::time_ticks_t::time_ticks_t [0x00007FF7CEDD2352+503810]
	Ordinal0 [0x00007FF7CE8D0FA5+659365]
	Ordinal0 [0x00007FF7CE8FBB1C+834332]
	Ordinal0 [0x00007FF7CE8F70FA+815354]
	Ordinal0 [0x00007FF7CE8F2A72+797298]
	Ordinal0 [0x00007FF7CE92C726+1034022]
	Ordinal0 [0x00007FF7CE926E53+1011283]
	Ordinal0 [0x00007FF7CE8FE0C7+843975]
	Ordinal0 [0x00007FF7CE8FF598+849304]
	Microsoft::Applications::Events::EventProperty::to_string [0x00007FF7CEA991B8+848488]
	Microsoft::Applications::Events::EventProperty::EventProperty [0x00007FF7CEB8B17D+39117]
	Microsoft::Applications::Events::EventProperty::EventProperty [0x00007FF7CEB8E3F2+52034]
	Microsoft::Applications::Events::EventProperty::to_string [0x00007FF7CE9D0D56+28166]
	Microsoft::Applications::Events::time_ticks_t::time_ticks_t [0x00007FF7CEDD8FE1+531601]
	Microsoft::Applications::Events::time_ticks_t::time_ticks_t [0x00007FF7CEDDE4C4+553332]
	Microsoft::Applications::Events::time_ticks_t::time_ticks_t [0x00007FF7CEDDE655+553733]
	Microsoft::Applications::Events::EventProperty::to_string [0x00007FF7CEAA6C40+904432]
	BaseThreadInitThunk [0x00007FFA66FA7C24+20]
	RtlUserThreadStart [0x00007FFA671AD721+33]
">
      <![CDATA[org.openqa.selenium.SessionNotCreatedException: session not created: This version of MSEdgeDriver only supports MSEdge version 98
Current browser version is 100.0.1185.39 with binary path C:\Program Files (x86)\Microsoft\Edge\Application\msedge.exe
Build info: version: '3.14.0', revision: 'aacccce0', time: '2018-08-02T20:19:58.91Z'
System info: host: 'DESKTOP-MGVC6GB', ip: '192.168.0.175', os.name: 'Windows 10', os.arch: 'amd64', os.version: '10.0', java.version: '17'
Driver info: driver.version: EdgeDriver
remote stacktrace: Backtrace:
Microsoft::Applications::Events::EventProperties::unpack [0x00007FF7CEE93A82+22610]
Microsoft::Applications::Events::time_ticks_t::time_ticks_t [0x00007FF7CEDD2352+503810]
Ordinal0 [0x00007FF7CE8D0FA5+659365]
Ordinal0 [0x00007FF7CE8FBB1C+834332]
Ordinal0 [0x00007FF7CE8F70FA+815354]
Ordinal0 [0x00007FF7CE8F2A72+797298]
Ordinal0 [0x00007FF7CE92C726+1034022]
Ordinal0 [0x00007FF7CE926E53+1011283]
Ordinal0 [0x00007FF7CE8FE0C7+843975]
Ordinal0 [0x00007FF7CE8FF598+849304]
Microsoft::Applications::Events::EventProperty::to_string [0x00007FF7CEA991B8+848488]
Microsoft::Applications::Events::EventProperty::EventProperty [0x00007FF7CEB8B17D+39117]
Microsoft::Applications::Events::EventProperty::EventProperty [0x00007FF7CEB8E3F2+52034]
Microsoft::Applications::Events::EventProperty::to_string [0x00007FF7CE9D0D56+28166]
Microsoft::Applications::Events::time_ticks_t::time_ticks_t [0x00007FF7CEDD8FE1+531601]
Microsoft::Applications::Events::time_ticks_t::time_ticks_t [0x00007FF7CEDDE4C4+553332]
Microsoft::Applications::Events::time_ticks_t::time_ticks_t [0x00007FF7CEDDE655+553733]
Microsoft::Applications::Events::EventProperty::to_string [0x00007FF7CEAA6C40+904432]
BaseThreadInitThunk [0x00007FFA66FA7C24+20]
RtlUserThreadStart [0x00007FFA671AD721+33]

at org.openqa.selenium.remote.W3CHandshakeResponse.lambda$new$0(W3CHandshakeResponse.java:57)
at org.openqa.selenium.remote.W3CHandshakeResponse.lambda$getResponseFunction$2(W3CHandshakeResponse.java:104)
at org.openqa.selenium.remote.ProtocolHandshake.lambda$createSession$0(ProtocolHandshake.java:122)
at java.base/java.util.stream.ReferencePipeline$3$1.accept(ReferencePipeline.java:197)
at java.base/java.util.Spliterators$ArraySpliterator.tryAdvance(Spliterators.java:1002)
at java.base/java.util.stream.ReferencePipeline.forEachWithCancel(ReferencePipeline.java:129)
at java.base/java.util.stream.AbstractPipeline.copyIntoWithCancel(AbstractPipeline.java:527)
at java.base/java.util.stream.AbstractPipeline.copyInto(AbstractPipeline.java:513)
at java.base/java.util.stream.AbstractPipeline.wrapAndCopyInto(AbstractPipeline.java:499)
at java.base/java.util.stream.FindOps$FindOp.evaluateSequential(FindOps.java:150)
at java.base/java.util.stream.AbstractPipeline.evaluate(AbstractPipeline.java:234)
at java.base/java.util.stream.ReferencePipeline.findFirst(ReferencePipeline.java:647)
at org.openqa.selenium.remote.ProtocolHandshake.createSession(ProtocolHandshake.java:125)
at org.openqa.selenium.remote.ProtocolHandshake.createSession(ProtocolHandshake.java:73)
at org.openqa.selenium.remote.HttpCommandExecutor.execute(HttpCommandExecutor.java:136)
at org.openqa.selenium.remote.service.DriverCommandExecutor.execute(DriverCommandExecutor.java:83)
at org.openqa.selenium.remote.RemoteWebDriver.execute(RemoteWebDriver.java:548)
at org.openqa.selenium.remote.RemoteWebDriver.startSession(RemoteWebDriver.java:212)
at org.openqa.selenium.remote.RemoteWebDriver.<init>(RemoteWebDriver.java:130)
at org.openqa.selenium.edge.EdgeDriver.<init>(EdgeDriver.java:141)
at org.openqa.selenium.edge.EdgeDriver.<init>(EdgeDriver.java:96)
at com.sauceDemo.TestCLasses.BaseClass.setupUpMethod(BaseClass.java:41)
at java.base/java.util.ArrayList.forEach(ArrayList.java:1511)
... Removed 36 stack frames]]>
    </failure>
  </testcase> <!-- @BeforeMethod setupUpMethod -->
  <testcase classname="com.sauceDemo.TestCLasses.BaseClass" name="@AfterMethod logoutMethod" time="-1.650027874622E9">
    <skipped/>
  </testcase> <!-- @AfterMethod logoutMethod -->
  <testcase classname="com.sauceDemo.TestCLasses.TC01VerifyLoginFunctioanlity" name="checktitle" time="0.0">
    <skipped/>
  </testcase> <!-- checktitle -->
  <testcase classname="com.sauceDemo.TestCLasses.TC02VerifyLogoutFunctionality" name="Verifylogout" time="0.0">
    <skipped/>
  </testcase> <!-- Verifylogout -->
  <testcase classname="com.sauceDemo.TestCLasses.TC03VerifyAddtoCartFunctionality" name="verifyAddtocart" time="0.0">
    <skipped/>
  </testcase> <!-- verifyAddtocart -->
</testsuite> <!-- edgeTest -->
